20:32:15:570  INFO 144588 --- [main] com.hmall.trade.TradeApplication         : The following 1 profile is active: "local"
20:32:16:773  INFO 144588 --- [main] o.s.cloud.context.scope.GenericScope     : BeanFactory id=81140671-f5ea-3381-adca-615c9a30173f
20:32:16:832  INFO 144588 --- [main] trationDelegate$BeanPostProcessorChecker : Bean 'io.seata.spring.boot.autoconfigure.SeataCoreAutoConfiguration' of type [io.seata.spring.boot.autoconfigure.SeataCoreAutoConfiguration] is not eligible for getting processed by all BeanPostProcessors (for example: not eligible for auto-proxying)
20:32:16:833  INFO 144588 --- [main] trationDelegate$BeanPostProcessorChecker : Bean 'springApplicationContextProvider' of type [io.seata.spring.boot.autoconfigure.provider.SpringApplicationContextProvider] is not eligible for getting processed by all BeanPostProcessors (for example: not eligible for auto-proxying)
20:32:16:834  INFO 144588 --- [main] trationDelegate$BeanPostProcessorChecker : Bean 'io.seata.spring.boot.autoconfigure.SeataAutoConfiguration' of type [io.seata.spring.boot.autoconfigure.SeataAutoConfiguration] is not eligible for getting processed by all BeanPostProcessors (for example: not eligible for auto-proxying)
20:32:16:873  INFO 144588 --- [main] trationDelegate$BeanPostProcessorChecker : Bean 'failureHandler' of type [io.seata.tm.api.DefaultFailureHandlerImpl] is not eligible for getting processed by all BeanPostProcessors (for example: not eligible for auto-proxying)
20:32:16:876  INFO 144588 --- [main] trationDelegate$BeanPostProcessorChecker : Bean 'org.springframework.cloud.commons.config.CommonsConfigAutoConfiguration' of type [org.springframework.cloud.commons.config.CommonsConfigAutoConfiguration] is not eligible for getting processed by all BeanPostProcessors (for example: not eligible for auto-proxying)
20:32:16:877  INFO 144588 --- [main] trationDelegate$BeanPostProcessorChecker : Bean 'org.springframework.cloud.client.loadbalancer.LoadBalancerDefaultMappingsProviderAutoConfiguration' of type [org.springframework.cloud.client.loadbalancer.LoadBalancerDefaultMappingsProviderAutoConfiguration] is not eligible for getting processed by all BeanPostProcessors (for example: not eligible for auto-proxying)
20:32:16:878  INFO 144588 --- [main] trationDelegate$BeanPostProcessorChecker : Bean 'loadBalancerClientsDefaultsMappingsProvider' of type [org.springframework.cloud.client.loadbalancer.LoadBalancerDefaultMappingsProviderAutoConfiguration$$Lambda$564/0x000000080064b440] is not eligible for getting processed by all BeanPostProcessors (for example: not eligible for auto-proxying)
20:32:16:879  INFO 144588 --- [main] trationDelegate$BeanPostProcessorChecker : Bean 'defaultsBindHandlerAdvisor' of type [org.springframework.cloud.commons.config.DefaultsBindHandlerAdvisor] is not eligible for getting processed by all BeanPostProcessors (for example: not eligible for auto-proxying)
20:32:16:885  INFO 144588 --- [main] trationDelegate$BeanPostProcessorChecker : Bean 'springCloudAlibabaConfiguration' of type [io.seata.spring.boot.autoconfigure.properties.SpringCloudAlibabaConfiguration] is not eligible for getting processed by all BeanPostProcessors (for example: not eligible for auto-proxying)
20:32:16:887  INFO 144588 --- [main] trationDelegate$BeanPostProcessorChecker : Bean 'seataProperties' of type [io.seata.spring.boot.autoconfigure.properties.SeataProperties] is not eligible for getting processed by all BeanPostProcessors (for example: not eligible for auto-proxying)
20:32:16:890  INFO 144588 --- [main] i.s.s.b.a.SeataAutoConfiguration         : Automatically configure Seata
20:32:16:941  INFO 144588 --- [main] io.seata.config.ConfigurationFactory     : load Configuration from :Spring Configuration
20:32:16:966  INFO 144588 --- [main] io.seata.config.ConfigurationFactory     : load Configuration from :Spring Configuration
20:32:17:025  INFO 144588 --- [main] i.s.s.a.GlobalTransactionScanner         : Initializing Global Transaction Clients ... 
20:32:17:158  INFO 144588 --- [main] i.s.core.rpc.netty.NettyClientBootstrap  : NettyClientBootstrap has started
20:32:17:175 ERROR 144588 --- [main] i.s.c.r.netty.NettyClientChannelManager  : can not get cluster name in registry config 'service.vgroupMapping.default_tx_group', please make sure registry config correct
20:32:17:175  INFO 144588 --- [main] i.s.s.a.GlobalTransactionScanner         : Transaction Manager Client is initialized. applicationId[trade-service] txServiceGroup[default_tx_group]
20:32:17:184  INFO 144588 --- [main] io.seata.rm.datasource.AsyncWorker       : Async Commit Buffer Limit: 10000
20:32:17:185  INFO 144588 --- [main] i.s.rm.datasource.xa.ResourceManagerXA   : ResourceManagerXA init ...
20:32:17:191  INFO 144588 --- [main] i.s.core.rpc.netty.NettyClientBootstrap  : NettyClientBootstrap has started
20:32:17:191  INFO 144588 --- [main] i.s.s.a.GlobalTransactionScanner         : Resource Manager is initialized. applicationId[trade-service] txServiceGroup[default_tx_group]
20:32:17:191  INFO 144588 --- [main] i.s.s.a.GlobalTransactionScanner         : Global Transaction Clients are initialized. 
20:32:17:206  INFO 144588 --- [main] trationDelegate$BeanPostProcessorChecker : Bean 'io.seata.spring.boot.autoconfigure.SeataDataSourceAutoConfiguration' of type [io.seata.spring.boot.autoconfigure.SeataDataSourceAutoConfiguration] is not eligible for getting processed by all BeanPostProcessors (for example: not eligible for auto-proxying)
20:32:17:284  INFO 144588 --- [main] trationDelegate$BeanPostProcessorChecker : Bean 'com.alibaba.cloud.seata.feign.SeataFeignClientAutoConfiguration$FeignBeanPostProcessorConfiguration' of type [com.alibaba.cloud.seata.feign.SeataFeignClientAutoConfiguration$FeignBeanPostProcessorConfiguration] is not eligible for getting processed by all BeanPostProcessors (for example: not eligible for auto-proxying)
20:32:17:286  INFO 144588 --- [main] trationDelegate$BeanPostProcessorChecker : Bean 'seataFeignObjectWrapper' of type [com.alibaba.cloud.seata.feign.SeataFeignObjectWrapper] is not eligible for getting processed by all BeanPostProcessors (for example: not eligible for auto-proxying)
20:32:26:739  INFO 144588 --- [main] o.s.b.w.embedded.tomcat.TomcatWebServer  : Tomcat initialized with port(s): 8085 (http)
20:32:26:772  INFO 144588 --- [main] o.apache.catalina.core.StandardService   : Starting service [Tomcat]
20:32:26:772  INFO 144588 --- [main] org.apache.catalina.core.StandardEngine  : Starting Servlet engine: [Apache Tomcat/9.0.75]
20:32:27:091  INFO 144588 --- [main] o.a.c.c.C.[Tomcat].[localhost].[/]       : Initializing Spring embedded WebApplicationContext
20:32:27:091  INFO 144588 --- [main] w.s.c.ServletWebServerApplicationContext : Root WebApplicationContext: initialization completed in 11504 ms
20:32:27:378  INFO 144588 --- [main] o.s.c.openfeign.FeignClientFactoryBean   : For 'item-service' URL not provided. Will try picking an instance via load-balancing.
20:32:27:555  INFO 144588 --- [main] com.zaxxer.hikari.HikariDataSource       : HikariPool-1 - Starting...
20:32:27:926  INFO 144588 --- [main] com.zaxxer.hikari.HikariDataSource       : HikariPool-1 - Start completed.
20:32:27:985 ERROR 144588 --- [main] i.s.c.r.netty.NettyClientChannelManager  : can not get cluster name in registry config 'service.vgroupMapping.default_tx_group', please make sure registry config correct
20:32:29:302  INFO 144588 --- [main] o.s.c.openfeign.FeignClientFactoryBean   : For 'cart-service' URL not provided. Will try picking an instance via load-balancing.
20:32:29:405  INFO 144588 --- [main] i.s.s.a.GlobalTransactionScanner         : Bean[com.hmall.trade.service.impl.OrderServiceImpl$$EnhancerBySpringCGLIB$$e2e22836] with name [orderServiceImpl] would use interceptor [io.seata.spring.annotation.GlobalTransactionalInterceptor]
20:32:31:379  INFO 144588 --- [main] o.s.cloud.commons.util.InetUtils         : Cannot determine local hostname
20:32:31:446  INFO 144588 --- [main] pertySourcedRequestMappingHandlerMapping : Mapped URL path [/v2/api-docs] onto method [springfox.documentation.swagger2.web.Swagger2ControllerWebMvc#getDocumentation(String, HttpServletRequest)]
20:32:32:859  INFO 144588 --- [main] o.s.cloud.commons.util.InetUtils         : Cannot determine local hostname
20:32:33:088  INFO 144588 --- [main] com.alibaba.nacos.common.remote.client   : [RpcClientFactory] create a new rpc client of cf8deb1e-33ed-46ac-b533-6802ecda4ffb
20:32:33:088  INFO 144588 --- [main] com.alibaba.nacos.common.remote.client   : [cf8deb1e-33ed-46ac-b533-6802ecda4ffb] RpcClient init label, labels = {module=naming, source=sdk}
20:32:33:104  INFO 144588 --- [main] com.alibaba.nacos.common.remote.client   : [cf8deb1e-33ed-46ac-b533-6802ecda4ffb] RpcClient init, ServerListFactory = com.alibaba.nacos.client.naming.core.ServerListManager
20:32:33:104  INFO 144588 --- [main] com.alibaba.nacos.common.remote.client   : [cf8deb1e-33ed-46ac-b533-6802ecda4ffb] Registry connection listener to current client:com.alibaba.nacos.client.naming.remote.gprc.redo.NamingGrpcRedoService
20:32:33:104  INFO 144588 --- [main] com.alibaba.nacos.common.remote.client   : [cf8deb1e-33ed-46ac-b533-6802ecda4ffb] Register server push request handler:com.alibaba.nacos.client.naming.remote.gprc.NamingPushRequestHandler
20:32:33:105  INFO 144588 --- [main] com.alibaba.nacos.common.remote.client   : [cf8deb1e-33ed-46ac-b533-6802ecda4ffb] Try to connect to server on start up, server: {serverIp = '192.168.38.129', server main port = 8848}
20:32:33:234  INFO 144588 --- [main] com.alibaba.nacos.common.remote.client   : [cf8deb1e-33ed-46ac-b533-6802ecda4ffb] Success to connect to server [192.168.38.129:8848] on start up, connectionId = 1709952406777_192.168.38.1_58861
20:32:33:234  INFO 144588 --- [main] com.alibaba.nacos.common.remote.client   : [cf8deb1e-33ed-46ac-b533-6802ecda4ffb] Register server push request handler:com.alibaba.nacos.common.remote.client.RpcClient$ConnectResetRequestHandler
20:32:33:234  INFO 144588 --- [com.alibaba.nacos.client.remote.worker] com.alibaba.nacos.common.remote.client   : [cf8deb1e-33ed-46ac-b533-6802ecda4ffb] Notify connected event to listeners.
20:32:33:234  INFO 144588 --- [main] com.alibaba.nacos.common.remote.client   : [cf8deb1e-33ed-46ac-b533-6802ecda4ffb] Register server push request handler:com.alibaba.nacos.common.remote.client.RpcClient$$Lambda$472/0x000000080041b040
20:32:33:327  INFO 144588 --- [main] o.s.b.w.embedded.tomcat.TomcatWebServer  : Tomcat started on port(s): 8085 (http) with context path ''
20:32:33:341  INFO 144588 --- [main] c.a.c.n.registry.NacosServiceRegistry    : nacos registry, DEFAULT_GROUP trade-service 192.168.121.1:8085 register finished
20:32:33:840  INFO 144588 --- [nacos-grpc-client-executor-6] com.alibaba.nacos.common.remote.client   : [cf8deb1e-33ed-46ac-b533-6802ecda4ffb] Receive server push request, request = NotifySubscriberRequest, requestId = 455
20:32:33:843  INFO 144588 --- [nacos-grpc-client-executor-6] com.alibaba.nacos.common.remote.client   : [cf8deb1e-33ed-46ac-b533-6802ecda4ffb] Ack server push request, request = NotifySubscriberRequest, requestId = 455
20:32:34:709  INFO 144588 --- [main] o.s.cloud.commons.util.InetUtils         : Cannot determine local hostname
20:32:34:710  INFO 144588 --- [main] d.s.w.p.DocumentationPluginsBootstrapper : Documentation plugins bootstrapped
20:32:34:715  INFO 144588 --- [main] d.s.w.p.DocumentationPluginsBootstrapper : Found 1 custom documentation plugin(s)
20:32:34:753  INFO 144588 --- [main] s.d.s.w.s.ApiListingReferenceScanner     : Scanning for api listing references
20:32:34:836  INFO 144588 --- [main] com.hmall.trade.TradeApplication         : Started TradeApplication in 26.111 seconds (JVM running for 27.483)
20:32:34:841  INFO 144588 --- [main] c.a.c.n.refresh.NacosContextRefresher    : [Nacos Config] Listening config: dataId=trade-service, group=DEFAULT_GROUP
20:32:34:842  INFO 144588 --- [main] c.a.c.n.refresh.NacosContextRefresher    : [Nacos Config] Listening config: dataId=trade-service-local.yaml, group=DEFAULT_GROUP
20:32:34:842  INFO 144588 --- [main] c.a.c.n.refresh.NacosContextRefresher    : [Nacos Config] Listening config: dataId=trade-service.yaml, group=DEFAULT_GROUP
20:33:17:163 ERROR 144588 --- [timeoutChecker_1_1] i.s.c.r.netty.NettyClientChannelManager  : can not get cluster name in registry config 'service.vgroupMapping.default_tx_group', please make sure registry config correct
20:33:17:194 ERROR 144588 --- [timeoutChecker_2_1] i.s.c.r.netty.NettyClientChannelManager  : can not get cluster name in registry config 'service.vgroupMapping.default_tx_group', please make sure registry config correct
20:33:27:157 ERROR 144588 --- [timeoutChecker_1_1] i.s.c.r.netty.NettyClientChannelManager  : can not get cluster name in registry config 'service.vgroupMapping.default_tx_group', please make sure registry config correct
20:33:27:204 ERROR 144588 --- [timeoutChecker_2_1] i.s.c.r.netty.NettyClientChannelManager  : can not get cluster name in registry config 'service.vgroupMapping.default_tx_group', please make sure registry config correct
20:33:37:165 ERROR 144588 --- [timeoutChecker_1_1] i.s.c.r.netty.NettyClientChannelManager  : can not get cluster name in registry config 'service.vgroupMapping.default_tx_group', please make sure registry config correct
20:33:37:195 ERROR 144588 --- [timeoutChecker_2_1] i.s.c.r.netty.NettyClientChannelManager  : can not get cluster name in registry config 'service.vgroupMapping.default_tx_group', please make sure registry config correct
20:33:47:168 ERROR 144588 --- [timeoutChecker_1_1] i.s.c.r.netty.NettyClientChannelManager  : can not get cluster name in registry config 'service.vgroupMapping.default_tx_group', please make sure registry config correct
20:33:47:197 ERROR 144588 --- [timeoutChecker_2_1] i.s.c.r.netty.NettyClientChannelManager  : can not get cluster name in registry config 'service.vgroupMapping.default_tx_group', please make sure registry config correct
20:33:57:158 ERROR 144588 --- [timeoutChecker_1_1] i.s.c.r.netty.NettyClientChannelManager  : can not get cluster name in registry config 'service.vgroupMapping.default_tx_group', please make sure registry config correct
20:33:57:205 ERROR 144588 --- [timeoutChecker_2_1] i.s.c.r.netty.NettyClientChannelManager  : can not get cluster name in registry config 'service.vgroupMapping.default_tx_group', please make sure registry config correct
20:34:07:167 ERROR 144588 --- [timeoutChecker_1_1] i.s.c.r.netty.NettyClientChannelManager  : can not get cluster name in registry config 'service.vgroupMapping.default_tx_group', please make sure registry config correct
20:34:07:200 ERROR 144588 --- [timeoutChecker_2_1] i.s.c.r.netty.NettyClientChannelManager  : can not get cluster name in registry config 'service.vgroupMapping.default_tx_group', please make sure registry config correct
20:34:17:157 ERROR 144588 --- [timeoutChecker_1_1] i.s.c.r.netty.NettyClientChannelManager  : can not get cluster name in registry config 'service.vgroupMapping.default_tx_group', please make sure registry config correct
20:34:17:204 ERROR 144588 --- [timeoutChecker_2_1] i.s.c.r.netty.NettyClientChannelManager  : can not get cluster name in registry config 'service.vgroupMapping.default_tx_group', please make sure registry config correct
20:34:27:154 ERROR 144588 --- [timeoutChecker_1_1] i.s.c.r.netty.NettyClientChannelManager  : can not get cluster name in registry config 'service.vgroupMapping.default_tx_group', please make sure registry config correct
20:34:27:202 ERROR 144588 --- [timeoutChecker_2_1] i.s.c.r.netty.NettyClientChannelManager  : can not get cluster name in registry config 'service.vgroupMapping.default_tx_group', please make sure registry config correct
20:34:37:167 ERROR 144588 --- [timeoutChecker_1_1] i.s.c.r.netty.NettyClientChannelManager  : can not get cluster name in registry config 'service.vgroupMapping.default_tx_group', please make sure registry config correct
20:34:37:197 ERROR 144588 --- [timeoutChecker_2_1] i.s.c.r.netty.NettyClientChannelManager  : can not get cluster name in registry config 'service.vgroupMapping.default_tx_group', please make sure registry config correct
20:34:47:157 ERROR 144588 --- [timeoutChecker_1_1] i.s.c.r.netty.NettyClientChannelManager  : can not get cluster name in registry config 'service.vgroupMapping.default_tx_group', please make sure registry config correct
20:34:47:204 ERROR 144588 --- [timeoutChecker_2_1] i.s.c.r.netty.NettyClientChannelManager  : can not get cluster name in registry config 'service.vgroupMapping.default_tx_group', please make sure registry config correct
20:34:57:167 ERROR 144588 --- [timeoutChecker_1_1] i.s.c.r.netty.NettyClientChannelManager  : can not get cluster name in registry config 'service.vgroupMapping.default_tx_group', please make sure registry config correct
20:34:57:199 ERROR 144588 --- [timeoutChecker_2_1] i.s.c.r.netty.NettyClientChannelManager  : can not get cluster name in registry config 'service.vgroupMapping.default_tx_group', please make sure registry config correct
20:35:07:155 ERROR 144588 --- [timeoutChecker_1_1] i.s.c.r.netty.NettyClientChannelManager  : can not get cluster name in registry config 'service.vgroupMapping.default_tx_group', please make sure registry config correct
20:35:07:203 ERROR 144588 --- [timeoutChecker_2_1] i.s.c.r.netty.NettyClientChannelManager  : can not get cluster name in registry config 'service.vgroupMapping.default_tx_group', please make sure registry config correct
20:35:17:158 ERROR 144588 --- [timeoutChecker_1_1] i.s.c.r.netty.NettyClientChannelManager  : can not get cluster name in registry config 'service.vgroupMapping.default_tx_group', please make sure registry config correct
20:35:17:205 ERROR 144588 --- [timeoutChecker_2_1] i.s.c.r.netty.NettyClientChannelManager  : can not get cluster name in registry config 'service.vgroupMapping.default_tx_group', please make sure registry config correct
20:35:27:161 ERROR 144588 --- [timeoutChecker_1_1] i.s.c.r.netty.NettyClientChannelManager  : can not get cluster name in registry config 'service.vgroupMapping.default_tx_group', please make sure registry config correct
20:35:27:192 ERROR 144588 --- [timeoutChecker_2_1] i.s.c.r.netty.NettyClientChannelManager  : can not get cluster name in registry config 'service.vgroupMapping.default_tx_group', please make sure registry config correct
20:35:37:161 ERROR 144588 --- [timeoutChecker_1_1] i.s.c.r.netty.NettyClientChannelManager  : can not get cluster name in registry config 'service.vgroupMapping.default_tx_group', please make sure registry config correct
20:35:37:192 ERROR 144588 --- [timeoutChecker_2_1] i.s.c.r.netty.NettyClientChannelManager  : can not get cluster name in registry config 'service.vgroupMapping.default_tx_group', please make sure registry config correct
20:35:47:156 ERROR 144588 --- [timeoutChecker_1_1] i.s.c.r.netty.NettyClientChannelManager  : can not get cluster name in registry config 'service.vgroupMapping.default_tx_group', please make sure registry config correct
20:35:47:204 ERROR 144588 --- [timeoutChecker_2_1] i.s.c.r.netty.NettyClientChannelManager  : can not get cluster name in registry config 'service.vgroupMapping.default_tx_group', please make sure registry config correct
20:35:57:153 ERROR 144588 --- [timeoutChecker_1_1] i.s.c.r.netty.NettyClientChannelManager  : can not get cluster name in registry config 'service.vgroupMapping.default_tx_group', please make sure registry config correct
20:35:57:199 ERROR 144588 --- [timeoutChecker_2_1] i.s.c.r.netty.NettyClientChannelManager  : can not get cluster name in registry config 'service.vgroupMapping.default_tx_group', please make sure registry config correct
20:36:00:623  INFO 144588 --- [http-nio-8085-exec-1] o.a.c.c.C.[Tomcat].[localhost].[/]       : Initializing Spring DispatcherServlet 'dispatcherServlet'
20:36:00:623  INFO 144588 --- [http-nio-8085-exec-1] o.s.web.servlet.DispatcherServlet        : Initializing Servlet 'dispatcherServlet'
20:36:00:625  INFO 144588 --- [http-nio-8085-exec-1] o.s.web.servlet.DispatcherServlet        : Completed initialization in 2 ms
20:36:00:672  INFO 144588 --- [http-nio-8085-exec-1] io.seata.tm.TransactionManagerHolder     : TransactionManager Singleton io.seata.tm.DefaultTransactionManager@4b9e6598
20:36:00:686 ERROR 144588 --- [http-nio-8085-exec-1] o.a.c.c.C.[.[.[/].[dispatcherServlet]    : Servlet.service() for servlet [dispatcherServlet] in context with path [] threw exception [Request processing failed; nested exception is io.seata.common.exception.FrameworkException: No available service] with root cause

io.seata.common.exception.FrameworkException: No available service
	at io.seata.core.rpc.netty.AbstractNettyRemotingClient.loadBalance(AbstractNettyRemotingClient.java:266) ~[seata-all-1.5.2.jar:1.5.2]
	at io.seata.core.rpc.netty.AbstractNettyRemotingClient.sendSyncRequest(AbstractNettyRemotingClient.java:142) ~[seata-all-1.5.2.jar:1.5.2]
	at io.seata.tm.DefaultTransactionManager.syncCall(DefaultTransactionManager.java:95) ~[seata-all-1.5.2.jar:1.5.2]
	at io.seata.tm.DefaultTransactionManager.begin(DefaultTransactionManager.java:53) ~[seata-all-1.5.2.jar:1.5.2]
	at io.seata.tm.api.DefaultGlobalTransaction.begin(DefaultGlobalTransaction.java:105) ~[seata-all-1.5.2.jar:1.5.2]
	at io.seata.tm.api.TransactionalTemplate.beginTransaction(TransactionalTemplate.java:215) ~[seata-all-1.5.2.jar:1.5.2]
	at io.seata.tm.api.TransactionalTemplate.execute(TransactionalTemplate.java:122) ~[seata-all-1.5.2.jar:1.5.2]
	at io.seata.spring.annotation.GlobalTransactionalInterceptor.handleGlobalTransaction(GlobalTransactionalInterceptor.java:202) ~[seata-all-1.5.2.jar:1.5.2]
	at io.seata.spring.annotation.GlobalTransactionalInterceptor.invoke(GlobalTransactionalInterceptor.java:172) ~[seata-all-1.5.2.jar:1.5.2]
	at org.springframework.aop.framework.ReflectiveMethodInvocation.proceed(ReflectiveMethodInvocation.java:186) ~[spring-aop-5.3.27.jar:5.3.27]
	at org.springframework.aop.framework.CglibAopProxy$CglibMethodInvocation.proceed(CglibAopProxy.java:763) ~[spring-aop-5.3.27.jar:5.3.27]
	at org.springframework.aop.framework.CglibAopProxy$DynamicAdvisedInterceptor.intercept(CglibAopProxy.java:708) ~[spring-aop-5.3.27.jar:5.3.27]
	at com.hmall.trade.service.impl.OrderServiceImpl$$EnhancerBySpringCGLIB$$e2e22836.createOrder(<generated>) ~[classes/:na]
	at com.hmall.trade.controller.OrderController.createOrder(OrderController.java:30) ~[classes/:na]
	at java.base/jdk.internal.reflect.NativeMethodAccessorImpl.invoke0(Native Method) ~[na:na]
	at java.base/jdk.internal.reflect.NativeMethodAccessorImpl.invoke(NativeMethodAccessorImpl.java:62) ~[na:na]
	at java.base/jdk.internal.reflect.DelegatingMethodAccessorImpl.invoke(DelegatingMethodAccessorImpl.java:43) ~[na:na]
	at java.base/java.lang.reflect.Method.invoke(Method.java:566) ~[na:na]
	at org.springframework.web.method.support.InvocableHandlerMethod.doInvoke(InvocableHandlerMethod.java:205) ~[spring-web-5.3.27.jar:5.3.27]
	at org.springframework.web.method.support.InvocableHandlerMethod.invokeForRequest(InvocableHandlerMethod.java:150) ~[spring-web-5.3.27.jar:5.3.27]
	at org.springframework.web.servlet.mvc.method.annotation.ServletInvocableHandlerMethod.invokeAndHandle(ServletInvocableHandlerMethod.java:117) ~[spring-webmvc-5.3.27.jar:5.3.27]
	at org.springframework.web.servlet.mvc.method.annotation.RequestMappingHandlerAdapter.invokeHandlerMethod(RequestMappingHandlerAdapter.java:895) ~[spring-webmvc-5.3.27.jar:5.3.27]
	at org.springframework.web.servlet.mvc.method.annotation.RequestMappingHandlerAdapter.handleInternal(RequestMappingHandlerAdapter.java:808) ~[spring-webmvc-5.3.27.jar:5.3.27]
	at org.springframework.web.servlet.mvc.method.AbstractHandlerMethodAdapter.handle(AbstractHandlerMethodAdapter.java:87) ~[spring-webmvc-5.3.27.jar:5.3.27]
	at org.springframework.web.servlet.DispatcherServlet.doDispatch(DispatcherServlet.java:1072) ~[spring-webmvc-5.3.27.jar:5.3.27]
	at org.springframework.web.servlet.DispatcherServlet.doService(DispatcherServlet.java:965) ~[spring-webmvc-5.3.27.jar:5.3.27]
	at org.springframework.web.servlet.FrameworkServlet.processRequest(FrameworkServlet.java:1006) ~[spring-webmvc-5.3.27.jar:5.3.27]
	at org.springframework.web.servlet.FrameworkServlet.doPost(FrameworkServlet.java:909) ~[spring-webmvc-5.3.27.jar:5.3.27]
	at javax.servlet.http.HttpServlet.service(HttpServlet.java:555) ~[tomcat-embed-core-9.0.75.jar:4.0.FR]
	at org.springframework.web.servlet.FrameworkServlet.service(FrameworkServlet.java:883) ~[spring-webmvc-5.3.27.jar:5.3.27]
	at javax.servlet.http.HttpServlet.service(HttpServlet.java:623) ~[tomcat-embed-core-9.0.75.jar:4.0.FR]
	at org.apache.catalina.core.ApplicationFilterChain.internalDoFilter(ApplicationFilterChain.java:209) ~[tomcat-embed-core-9.0.75.jar:9.0.75]
	at org.apache.catalina.core.ApplicationFilterChain.doFilter(ApplicationFilterChain.java:153) ~[tomcat-embed-core-9.0.75.jar:9.0.75]
	at org.apache.tomcat.websocket.server.WsFilter.doFilter(WsFilter.java:51) ~[tomcat-embed-websocket-9.0.75.jar:9.0.75]
	at org.apache.catalina.core.ApplicationFilterChain.internalDoFilter(ApplicationFilterChain.java:178) ~[tomcat-embed-core-9.0.75.jar:9.0.75]
	at org.apache.catalina.core.ApplicationFilterChain.doFilter(ApplicationFilterChain.java:153) ~[tomcat-embed-core-9.0.75.jar:9.0.75]
	at org.springframework.web.filter.RequestContextFilter.doFilterInternal(RequestContextFilter.java:100) ~[spring-web-5.3.27.jar:5.3.27]
	at org.springframework.web.filter.OncePerRequestFilter.doFilter(OncePerRequestFilter.java:117) ~[spring-web-5.3.27.jar:5.3.27]
	at org.apache.catalina.core.ApplicationFilterChain.internalDoFilter(ApplicationFilterChain.java:178) ~[tomcat-embed-core-9.0.75.jar:9.0.75]
	at org.apache.catalina.core.ApplicationFilterChain.doFilter(ApplicationFilterChain.java:153) ~[tomcat-embed-core-9.0.75.jar:9.0.75]
	at org.springframework.web.filter.FormContentFilter.doFilterInternal(FormContentFilter.java:93) ~[spring-web-5.3.27.jar:5.3.27]
	at org.springframework.web.filter.OncePerRequestFilter.doFilter(OncePerRequestFilter.java:117) ~[spring-web-5.3.27.jar:5.3.27]
	at org.apache.catalina.core.ApplicationFilterChain.internalDoFilter(ApplicationFilterChain.java:178) ~[tomcat-embed-core-9.0.75.jar:9.0.75]
	at org.apache.catalina.core.ApplicationFilterChain.doFilter(ApplicationFilterChain.java:153) ~[tomcat-embed-core-9.0.75.jar:9.0.75]
	at org.springframework.web.filter.CharacterEncodingFilter.doFilterInternal(CharacterEncodingFilter.java:201) ~[spring-web-5.3.27.jar:5.3.27]
	at org.springframework.web.filter.OncePerRequestFilter.doFilter(OncePerRequestFilter.java:117) ~[spring-web-5.3.27.jar:5.3.27]
	at org.apache.catalina.core.ApplicationFilterChain.internalDoFilter(ApplicationFilterChain.java:178) ~[tomcat-embed-core-9.0.75.jar:9.0.75]
	at org.apache.catalina.core.ApplicationFilterChain.doFilter(ApplicationFilterChain.java:153) ~[tomcat-embed-core-9.0.75.jar:9.0.75]
	at org.apache.catalina.core.StandardWrapperValve.invoke(StandardWrapperValve.java:167) ~[tomcat-embed-core-9.0.75.jar:9.0.75]
	at org.apache.catalina.core.StandardContextValve.invoke(StandardContextValve.java:90) ~[tomcat-embed-core-9.0.75.jar:9.0.75]
	at org.apache.catalina.authenticator.AuthenticatorBase.invoke(AuthenticatorBase.java:481) ~[tomcat-embed-core-9.0.75.jar:9.0.75]
	at org.apache.catalina.core.StandardHostValve.invoke(StandardHostValve.java:130) ~[tomcat-embed-core-9.0.75.jar:9.0.75]
	at org.apache.catalina.valves.ErrorReportValve.invoke(ErrorReportValve.java:93) ~[tomcat-embed-core-9.0.75.jar:9.0.75]
	at org.apache.catalina.core.StandardEngineValve.invoke(StandardEngineValve.java:74) ~[tomcat-embed-core-9.0.75.jar:9.0.75]
	at org.apache.catalina.connector.CoyoteAdapter.service(CoyoteAdapter.java:343) ~[tomcat-embed-core-9.0.75.jar:9.0.75]
	at org.apache.coyote.http11.Http11Processor.service(Http11Processor.java:390) ~[tomcat-embed-core-9.0.75.jar:9.0.75]
	at org.apache.coyote.AbstractProcessorLight.process(AbstractProcessorLight.java:63) ~[tomcat-embed-core-9.0.75.jar:9.0.75]
	at org.apache.coyote.AbstractProtocol$ConnectionHandler.process(AbstractProtocol.java:926) ~[tomcat-embed-core-9.0.75.jar:9.0.75]
	at org.apache.tomcat.util.net.NioEndpoint$SocketProcessor.doRun(NioEndpoint.java:1791) ~[tomcat-embed-core-9.0.75.jar:9.0.75]
	at org.apache.tomcat.util.net.SocketProcessorBase.run(SocketProcessorBase.java:52) ~[tomcat-embed-core-9.0.75.jar:9.0.75]
	at org.apache.tomcat.util.threads.ThreadPoolExecutor.runWorker(ThreadPoolExecutor.java:1191) ~[tomcat-embed-core-9.0.75.jar:9.0.75]
	at org.apache.tomcat.util.threads.ThreadPoolExecutor$Worker.run(ThreadPoolExecutor.java:659) ~[tomcat-embed-core-9.0.75.jar:9.0.75]
	at org.apache.tomcat.util.threads.TaskThread$WrappingRunnable.run(TaskThread.java:61) ~[tomcat-embed-core-9.0.75.jar:9.0.75]
	at java.base/java.lang.Thread.run(Thread.java:834) ~[na:na]

20:36:07:167 ERROR 144588 --- [timeoutChecker_1_1] i.s.c.r.netty.NettyClientChannelManager  : can not get cluster name in registry config 'service.vgroupMapping.default_tx_group', please make sure registry config correct
20:36:07:195 ERROR 144588 --- [timeoutChecker_2_1] i.s.c.r.netty.NettyClientChannelManager  : can not get cluster name in registry config 'service.vgroupMapping.default_tx_group', please make sure registry config correct
20:36:17:160 ERROR 144588 --- [timeoutChecker_1_1] i.s.c.r.netty.NettyClientChannelManager  : can not get cluster name in registry config 'service.vgroupMapping.default_tx_group', please make sure registry config correct
20:36:17:206 ERROR 144588 --- [timeoutChecker_2_1] i.s.c.r.netty.NettyClientChannelManager  : can not get cluster name in registry config 'service.vgroupMapping.default_tx_group', please make sure registry config correct
20:36:23:625 ERROR 144588 --- [http-nio-8085-exec-2] o.a.c.c.C.[.[.[/].[dispatcherServlet]    : Servlet.service() for servlet [dispatcherServlet] in context with path [] threw exception [Request processing failed; nested exception is io.seata.common.exception.FrameworkException: No available service] with root cause

io.seata.common.exception.FrameworkException: No available service
	at io.seata.core.rpc.netty.AbstractNettyRemotingClient.loadBalance(AbstractNettyRemotingClient.java:266) ~[seata-all-1.5.2.jar:1.5.2]
	at io.seata.core.rpc.netty.AbstractNettyRemotingClient.sendSyncRequest(AbstractNettyRemotingClient.java:142) ~[seata-all-1.5.2.jar:1.5.2]
	at io.seata.tm.DefaultTransactionManager.syncCall(DefaultTransactionManager.java:95) ~[seata-all-1.5.2.jar:1.5.2]
	at io.seata.tm.DefaultTransactionManager.begin(DefaultTransactionManager.java:53) ~[seata-all-1.5.2.jar:1.5.2]
	at io.seata.tm.api.DefaultGlobalTransaction.begin(DefaultGlobalTransaction.java:105) ~[seata-all-1.5.2.jar:1.5.2]
	at io.seata.tm.api.TransactionalTemplate.beginTransaction(TransactionalTemplate.java:215) ~[seata-all-1.5.2.jar:1.5.2]
	at io.seata.tm.api.TransactionalTemplate.execute(TransactionalTemplate.java:122) ~[seata-all-1.5.2.jar:1.5.2]
	at io.seata.spring.annotation.GlobalTransactionalInterceptor.handleGlobalTransaction(GlobalTransactionalInterceptor.java:202) ~[seata-all-1.5.2.jar:1.5.2]
	at io.seata.spring.annotation.GlobalTransactionalInterceptor.invoke(GlobalTransactionalInterceptor.java:172) ~[seata-all-1.5.2.jar:1.5.2]
	at org.springframework.aop.framework.ReflectiveMethodInvocation.proceed(ReflectiveMethodInvocation.java:186) ~[spring-aop-5.3.27.jar:5.3.27]
	at org.springframework.aop.framework.CglibAopProxy$CglibMethodInvocation.proceed(CglibAopProxy.java:763) ~[spring-aop-5.3.27.jar:5.3.27]
	at org.springframework.aop.framework.CglibAopProxy$DynamicAdvisedInterceptor.intercept(CglibAopProxy.java:708) ~[spring-aop-5.3.27.jar:5.3.27]
	at com.hmall.trade.service.impl.OrderServiceImpl$$EnhancerBySpringCGLIB$$e2e22836.createOrder(<generated>) ~[classes/:na]
	at com.hmall.trade.controller.OrderController.createOrder(OrderController.java:30) ~[classes/:na]
	at java.base/jdk.internal.reflect.NativeMethodAccessorImpl.invoke0(Native Method) ~[na:na]
	at java.base/jdk.internal.reflect.NativeMethodAccessorImpl.invoke(NativeMethodAccessorImpl.java:62) ~[na:na]
	at java.base/jdk.internal.reflect.DelegatingMethodAccessorImpl.invoke(DelegatingMethodAccessorImpl.java:43) ~[na:na]
	at java.base/java.lang.reflect.Method.invoke(Method.java:566) ~[na:na]
	at org.springframework.web.method.support.InvocableHandlerMethod.doInvoke(InvocableHandlerMethod.java:205) ~[spring-web-5.3.27.jar:5.3.27]
	at org.springframework.web.method.support.InvocableHandlerMethod.invokeForRequest(InvocableHandlerMethod.java:150) ~[spring-web-5.3.27.jar:5.3.27]
	at org.springframework.web.servlet.mvc.method.annotation.ServletInvocableHandlerMethod.invokeAndHandle(ServletInvocableHandlerMethod.java:117) ~[spring-webmvc-5.3.27.jar:5.3.27]
	at org.springframework.web.servlet.mvc.method.annotation.RequestMappingHandlerAdapter.invokeHandlerMethod(RequestMappingHandlerAdapter.java:895) ~[spring-webmvc-5.3.27.jar:5.3.27]
	at org.springframework.web.servlet.mvc.method.annotation.RequestMappingHandlerAdapter.handleInternal(RequestMappingHandlerAdapter.java:808) ~[spring-webmvc-5.3.27.jar:5.3.27]
	at org.springframework.web.servlet.mvc.method.AbstractHandlerMethodAdapter.handle(AbstractHandlerMethodAdapter.java:87) ~[spring-webmvc-5.3.27.jar:5.3.27]
	at org.springframework.web.servlet.DispatcherServlet.doDispatch(DispatcherServlet.java:1072) ~[spring-webmvc-5.3.27.jar:5.3.27]
	at org.springframework.web.servlet.DispatcherServlet.doService(DispatcherServlet.java:965) ~[spring-webmvc-5.3.27.jar:5.3.27]
	at org.springframework.web.servlet.FrameworkServlet.processRequest(FrameworkServlet.java:1006) ~[spring-webmvc-5.3.27.jar:5.3.27]
	at org.springframework.web.servlet.FrameworkServlet.doPost(FrameworkServlet.java:909) ~[spring-webmvc-5.3.27.jar:5.3.27]
	at javax.servlet.http.HttpServlet.service(HttpServlet.java:555) ~[tomcat-embed-core-9.0.75.jar:4.0.FR]
	at org.springframework.web.servlet.FrameworkServlet.service(FrameworkServlet.java:883) ~[spring-webmvc-5.3.27.jar:5.3.27]
	at javax.servlet.http.HttpServlet.service(HttpServlet.java:623) ~[tomcat-embed-core-9.0.75.jar:4.0.FR]
	at org.apache.catalina.core.ApplicationFilterChain.internalDoFilter(ApplicationFilterChain.java:209) ~[tomcat-embed-core-9.0.75.jar:9.0.75]
	at org.apache.catalina.core.ApplicationFilterChain.doFilter(ApplicationFilterChain.java:153) ~[tomcat-embed-core-9.0.75.jar:9.0.75]
	at org.apache.tomcat.websocket.server.WsFilter.doFilter(WsFilter.java:51) ~[tomcat-embed-websocket-9.0.75.jar:9.0.75]
	at org.apache.catalina.core.ApplicationFilterChain.internalDoFilter(ApplicationFilterChain.java:178) ~[tomcat-embed-core-9.0.75.jar:9.0.75]
	at org.apache.catalina.core.ApplicationFilterChain.doFilter(ApplicationFilterChain.java:153) ~[tomcat-embed-core-9.0.75.jar:9.0.75]
	at org.springframework.web.filter.RequestContextFilter.doFilterInternal(RequestContextFilter.java:100) ~[spring-web-5.3.27.jar:5.3.27]
	at org.springframework.web.filter.OncePerRequestFilter.doFilter(OncePerRequestFilter.java:117) ~[spring-web-5.3.27.jar:5.3.27]
	at org.apache.catalina.core.ApplicationFilterChain.internalDoFilter(ApplicationFilterChain.java:178) ~[tomcat-embed-core-9.0.75.jar:9.0.75]
	at org.apache.catalina.core.ApplicationFilterChain.doFilter(ApplicationFilterChain.java:153) ~[tomcat-embed-core-9.0.75.jar:9.0.75]
	at org.springframework.web.filter.FormContentFilter.doFilterInternal(FormContentFilter.java:93) ~[spring-web-5.3.27.jar:5.3.27]
	at org.springframework.web.filter.OncePerRequestFilter.doFilter(OncePerRequestFilter.java:117) ~[spring-web-5.3.27.jar:5.3.27]
	at org.apache.catalina.core.ApplicationFilterChain.internalDoFilter(ApplicationFilterChain.java:178) ~[tomcat-embed-core-9.0.75.jar:9.0.75]
	at org.apache.catalina.core.ApplicationFilterChain.doFilter(ApplicationFilterChain.java:153) ~[tomcat-embed-core-9.0.75.jar:9.0.75]
	at org.springframework.web.filter.CharacterEncodingFilter.doFilterInternal(CharacterEncodingFilter.java:201) ~[spring-web-5.3.27.jar:5.3.27]
	at org.springframework.web.filter.OncePerRequestFilter.doFilter(OncePerRequestFilter.java:117) ~[spring-web-5.3.27.jar:5.3.27]
	at org.apache.catalina.core.ApplicationFilterChain.internalDoFilter(ApplicationFilterChain.java:178) ~[tomcat-embed-core-9.0.75.jar:9.0.75]
	at org.apache.catalina.core.ApplicationFilterChain.doFilter(ApplicationFilterChain.java:153) ~[tomcat-embed-core-9.0.75.jar:9.0.75]
	at org.apache.catalina.core.StandardWrapperValve.invoke(StandardWrapperValve.java:167) ~[tomcat-embed-core-9.0.75.jar:9.0.75]
	at org.apache.catalina.core.StandardContextValve.invoke(StandardContextValve.java:90) ~[tomcat-embed-core-9.0.75.jar:9.0.75]
	at org.apache.catalina.authenticator.AuthenticatorBase.invoke(AuthenticatorBase.java:481) ~[tomcat-embed-core-9.0.75.jar:9.0.75]
	at org.apache.catalina.core.StandardHostValve.invoke(StandardHostValve.java:130) ~[tomcat-embed-core-9.0.75.jar:9.0.75]
	at org.apache.catalina.valves.ErrorReportValve.invoke(ErrorReportValve.java:93) ~[tomcat-embed-core-9.0.75.jar:9.0.75]
	at org.apache.catalina.core.StandardEngineValve.invoke(StandardEngineValve.java:74) ~[tomcat-embed-core-9.0.75.jar:9.0.75]
	at org.apache.catalina.connector.CoyoteAdapter.service(CoyoteAdapter.java:343) ~[tomcat-embed-core-9.0.75.jar:9.0.75]
	at org.apache.coyote.http11.Http11Processor.service(Http11Processor.java:390) ~[tomcat-embed-core-9.0.75.jar:9.0.75]
	at org.apache.coyote.AbstractProcessorLight.process(AbstractProcessorLight.java:63) ~[tomcat-embed-core-9.0.75.jar:9.0.75]
	at org.apache.coyote.AbstractProtocol$ConnectionHandler.process(AbstractProtocol.java:926) ~[tomcat-embed-core-9.0.75.jar:9.0.75]
	at org.apache.tomcat.util.net.NioEndpoint$SocketProcessor.doRun(NioEndpoint.java:1791) ~[tomcat-embed-core-9.0.75.jar:9.0.75]
	at org.apache.tomcat.util.net.SocketProcessorBase.run(SocketProcessorBase.java:52) ~[tomcat-embed-core-9.0.75.jar:9.0.75]
	at org.apache.tomcat.util.threads.ThreadPoolExecutor.runWorker(ThreadPoolExecutor.java:1191) ~[tomcat-embed-core-9.0.75.jar:9.0.75]
	at org.apache.tomcat.util.threads.ThreadPoolExecutor$Worker.run(ThreadPoolExecutor.java:659) ~[tomcat-embed-core-9.0.75.jar:9.0.75]
	at org.apache.tomcat.util.threads.TaskThread$WrappingRunnable.run(TaskThread.java:61) ~[tomcat-embed-core-9.0.75.jar:9.0.75]
	at java.base/java.lang.Thread.run(Thread.java:834) ~[na:na]

20:36:27:166 ERROR 144588 --- [timeoutChecker_1_1] i.s.c.r.netty.NettyClientChannelManager  : can not get cluster name in registry config 'service.vgroupMapping.default_tx_group', please make sure registry config correct
20:36:27:197 ERROR 144588 --- [timeoutChecker_2_1] i.s.c.r.netty.NettyClientChannelManager  : can not get cluster name in registry config 'service.vgroupMapping.default_tx_group', please make sure registry config correct
20:36:37:169 ERROR 144588 --- [timeoutChecker_1_1] i.s.c.r.netty.NettyClientChannelManager  : can not get cluster name in registry config 'service.vgroupMapping.default_tx_group', please make sure registry config correct
20:36:37:194 ERROR 144588 --- [timeoutChecker_2_1] i.s.c.r.netty.NettyClientChannelManager  : can not get cluster name in registry config 'service.vgroupMapping.default_tx_group', please make sure registry config correct
20:36:47:167 ERROR 144588 --- [timeoutChecker_1_1] i.s.c.r.netty.NettyClientChannelManager  : can not get cluster name in registry config 'service.vgroupMapping.default_tx_group', please make sure registry config correct
20:36:47:198 ERROR 144588 --- [timeoutChecker_2_1] i.s.c.r.netty.NettyClientChannelManager  : can not get cluster name in registry config 'service.vgroupMapping.default_tx_group', please make sure registry config correct
20:36:57:162 ERROR 144588 --- [timeoutChecker_1_1] i.s.c.r.netty.NettyClientChannelManager  : can not get cluster name in registry config 'service.vgroupMapping.default_tx_group', please make sure registry config correct
20:36:57:197 ERROR 144588 --- [timeoutChecker_2_1] i.s.c.r.netty.NettyClientChannelManager  : can not get cluster name in registry config 'service.vgroupMapping.default_tx_group', please make sure registry config correct
20:37:07:153 ERROR 144588 --- [timeoutChecker_1_1] i.s.c.r.netty.NettyClientChannelManager  : can not get cluster name in registry config 'service.vgroupMapping.default_tx_group', please make sure registry config correct
20:37:07:199 ERROR 144588 --- [timeoutChecker_2_1] i.s.c.r.netty.NettyClientChannelManager  : can not get cluster name in registry config 'service.vgroupMapping.default_tx_group', please make sure registry config correct
20:37:17:157 ERROR 144588 --- [timeoutChecker_1_1] i.s.c.r.netty.NettyClientChannelManager  : can not get cluster name in registry config 'service.vgroupMapping.default_tx_group', please make sure registry config correct
20:37:17:204 ERROR 144588 --- [timeoutChecker_2_1] i.s.c.r.netty.NettyClientChannelManager  : can not get cluster name in registry config 'service.vgroupMapping.default_tx_group', please make sure registry config correct
20:37:27:166 ERROR 144588 --- [timeoutChecker_1_1] i.s.c.r.netty.NettyClientChannelManager  : can not get cluster name in registry config 'service.vgroupMapping.default_tx_group', please make sure registry config correct
20:37:27:196 ERROR 144588 --- [timeoutChecker_2_1] i.s.c.r.netty.NettyClientChannelManager  : can not get cluster name in registry config 'service.vgroupMapping.default_tx_group', please make sure registry config correct
20:37:37:163 ERROR 144588 --- [timeoutChecker_1_1] i.s.c.r.netty.NettyClientChannelManager  : can not get cluster name in registry config 'service.vgroupMapping.default_tx_group', please make sure registry config correct
20:37:37:194 ERROR 144588 --- [timeoutChecker_2_1] i.s.c.r.netty.NettyClientChannelManager  : can not get cluster name in registry config 'service.vgroupMapping.default_tx_group', please make sure registry config correct
20:37:47:157 ERROR 144588 --- [timeoutChecker_1_1] i.s.c.r.netty.NettyClientChannelManager  : can not get cluster name in registry config 'service.vgroupMapping.default_tx_group', please make sure registry config correct
20:37:47:204 ERROR 144588 --- [timeoutChecker_2_1] i.s.c.r.netty.NettyClientChannelManager  : can not get cluster name in registry config 'service.vgroupMapping.default_tx_group', please make sure registry config correct
20:37:57:160 ERROR 144588 --- [timeoutChecker_1_1] i.s.c.r.netty.NettyClientChannelManager  : can not get cluster name in registry config 'service.vgroupMapping.default_tx_group', please make sure registry config correct
20:37:57:192 ERROR 144588 --- [timeoutChecker_2_1] i.s.c.r.netty.NettyClientChannelManager  : can not get cluster name in registry config 'service.vgroupMapping.default_tx_group', please make sure registry config correct
20:38:07:168 ERROR 144588 --- [timeoutChecker_1_1] i.s.c.r.netty.NettyClientChannelManager  : can not get cluster name in registry config 'service.vgroupMapping.default_tx_group', please make sure registry config correct
20:38:07:200 ERROR 144588 --- [timeoutChecker_2_1] i.s.c.r.netty.NettyClientChannelManager  : can not get cluster name in registry config 'service.vgroupMapping.default_tx_group', please make sure registry config correct
20:38:17:158 ERROR 144588 --- [timeoutChecker_1_1] i.s.c.r.netty.NettyClientChannelManager  : can not get cluster name in registry config 'service.vgroupMapping.default_tx_group', please make sure registry config correct
20:38:17:204 ERROR 144588 --- [timeoutChecker_2_1] i.s.c.r.netty.NettyClientChannelManager  : can not get cluster name in registry config 'service.vgroupMapping.default_tx_group', please make sure registry config correct
20:38:27:162 ERROR 144588 --- [timeoutChecker_1_1] i.s.c.r.netty.NettyClientChannelManager  : can not get cluster name in registry config 'service.vgroupMapping.default_tx_group', please make sure registry config correct
20:38:27:193 ERROR 144588 --- [timeoutChecker_2_1] i.s.c.r.netty.NettyClientChannelManager  : can not get cluster name in registry config 'service.vgroupMapping.default_tx_group', please make sure registry config correct
20:38:37:154 ERROR 144588 --- [timeoutChecker_1_1] i.s.c.r.netty.NettyClientChannelManager  : can not get cluster name in registry config 'service.vgroupMapping.default_tx_group', please make sure registry config correct
20:38:37:200 ERROR 144588 --- [timeoutChecker_2_1] i.s.c.r.netty.NettyClientChannelManager  : can not get cluster name in registry config 'service.vgroupMapping.default_tx_group', please make sure registry config correct
20:38:47:162 ERROR 144588 --- [timeoutChecker_1_1] i.s.c.r.netty.NettyClientChannelManager  : can not get cluster name in registry config 'service.vgroupMapping.default_tx_group', please make sure registry config correct
20:38:47:194 ERROR 144588 --- [timeoutChecker_2_1] i.s.c.r.netty.NettyClientChannelManager  : can not get cluster name in registry config 'service.vgroupMapping.default_tx_group', please make sure registry config correct
20:38:57:160 ERROR 144588 --- [timeoutChecker_1_1] i.s.c.r.netty.NettyClientChannelManager  : can not get cluster name in registry config 'service.vgroupMapping.default_tx_group', please make sure registry config correct
20:38:57:218 ERROR 144588 --- [timeoutChecker_2_1] i.s.c.r.netty.NettyClientChannelManager  : can not get cluster name in registry config 'service.vgroupMapping.default_tx_group', please make sure registry config correct
20:39:07:160 ERROR 144588 --- [timeoutChecker_1_1] i.s.c.r.netty.NettyClientChannelManager  : can not get cluster name in registry config 'service.vgroupMapping.default_tx_group', please make sure registry config correct
20:39:07:192 ERROR 144588 --- [timeoutChecker_2_1] i.s.c.r.netty.NettyClientChannelManager  : can not get cluster name in registry config 'service.vgroupMapping.default_tx_group', please make sure registry config correct
20:39:17:156 ERROR 144588 --- [timeoutChecker_1_1] i.s.c.r.netty.NettyClientChannelManager  : can not get cluster name in registry config 'service.vgroupMapping.default_tx_group', please make sure registry config correct
20:39:17:203 ERROR 144588 --- [timeoutChecker_2_1] i.s.c.r.netty.NettyClientChannelManager  : can not get cluster name in registry config 'service.vgroupMapping.default_tx_group', please make sure registry config correct
20:39:27:169 ERROR 144588 --- [timeoutChecker_1_1] i.s.c.r.netty.NettyClientChannelManager  : can not get cluster name in registry config 'service.vgroupMapping.default_tx_group', please make sure registry config correct
20:39:27:198 ERROR 144588 --- [timeoutChecker_2_1] i.s.c.r.netty.NettyClientChannelManager  : can not get cluster name in registry config 'service.vgroupMapping.default_tx_group', please make sure registry config correct
20:39:37:162 ERROR 144588 --- [timeoutChecker_1_1] i.s.c.r.netty.NettyClientChannelManager  : can not get cluster name in registry config 'service.vgroupMapping.default_tx_group', please make sure registry config correct
20:39:37:193 ERROR 144588 --- [timeoutChecker_2_1] i.s.c.r.netty.NettyClientChannelManager  : can not get cluster name in registry config 'service.vgroupMapping.default_tx_group', please make sure registry config correct
20:39:47:167 ERROR 144588 --- [timeoutChecker_1_1] i.s.c.r.netty.NettyClientChannelManager  : can not get cluster name in registry config 'service.vgroupMapping.default_tx_group', please make sure registry config correct
20:39:47:199 ERROR 144588 --- [timeoutChecker_2_1] i.s.c.r.netty.NettyClientChannelManager  : can not get cluster name in registry config 'service.vgroupMapping.default_tx_group', please make sure registry config correct
20:39:57:158 ERROR 144588 --- [timeoutChecker_1_1] i.s.c.r.netty.NettyClientChannelManager  : can not get cluster name in registry config 'service.vgroupMapping.default_tx_group', please make sure registry config correct
20:39:57:205 ERROR 144588 --- [timeoutChecker_2_1] i.s.c.r.netty.NettyClientChannelManager  : can not get cluster name in registry config 'service.vgroupMapping.default_tx_group', please make sure registry config correct
20:40:07:165 ERROR 144588 --- [timeoutChecker_1_1] i.s.c.r.netty.NettyClientChannelManager  : can not get cluster name in registry config 'service.vgroupMapping.default_tx_group', please make sure registry config correct
20:40:07:195 ERROR 144588 --- [timeoutChecker_2_1] i.s.c.r.netty.NettyClientChannelManager  : can not get cluster name in registry config 'service.vgroupMapping.default_tx_group', please make sure registry config correct
20:40:17:155 ERROR 144588 --- [timeoutChecker_1_1] i.s.c.r.netty.NettyClientChannelManager  : can not get cluster name in registry config 'service.vgroupMapping.default_tx_group', please make sure registry config correct
20:40:17:235 ERROR 144588 --- [timeoutChecker_2_1] i.s.c.r.netty.NettyClientChannelManager  : can not get cluster name in registry config 'service.vgroupMapping.default_tx_group', please make sure registry config correct
20:40:27:163 ERROR 144588 --- [timeoutChecker_1_1] i.s.c.r.netty.NettyClientChannelManager  : can not get cluster name in registry config 'service.vgroupMapping.default_tx_group', please make sure registry config correct
20:40:27:194 ERROR 144588 --- [timeoutChecker_2_1] i.s.c.r.netty.NettyClientChannelManager  : can not get cluster name in registry config 'service.vgroupMapping.default_tx_group', please make sure registry config correct
20:40:37:155 ERROR 144588 --- [timeoutChecker_1_1] i.s.c.r.netty.NettyClientChannelManager  : can not get cluster name in registry config 'service.vgroupMapping.default_tx_group', please make sure registry config correct
20:40:37:202 ERROR 144588 --- [timeoutChecker_2_1] i.s.c.r.netty.NettyClientChannelManager  : can not get cluster name in registry config 'service.vgroupMapping.default_tx_group', please make sure registry config correct
20:40:45:461  WARN 144588 --- [Thread-1] c.a.n.common.http.HttpClientBeanHolder   : [HttpClientBeanHolder] Start destroying common HttpClient
20:40:45:461  WARN 144588 --- [Thread-5] c.a.nacos.common.notify.NotifyCenter     : [NotifyCenter] Start destroying Publisher
20:40:45:462  WARN 144588 --- [Thread-5] c.a.nacos.common.notify.NotifyCenter     : [NotifyCenter] Destruction of the end
20:40:45:462  WARN 144588 --- [Thread-1] c.a.n.common.http.HttpClientBeanHolder   : [HttpClientBeanHolder] Destruction of the end
20:40:46:261  INFO 144588 --- [SpringContextShutdownHook] c.a.c.n.registry.NacosServiceRegistry    : De-registering from Nacos Server now...
20:40:46:669  INFO 144588 --- [SpringContextShutdownHook] c.a.c.n.registry.NacosServiceRegistry    : De-registration finished.
20:40:47:009  INFO 144588 --- [SpringContextShutdownHook] com.alibaba.nacos.common.remote.client   : Shutdown rpc client, set status to shutdown
20:40:47:009  INFO 144588 --- [SpringContextShutdownHook] com.alibaba.nacos.common.remote.client   : Shutdown client event executor java.util.concurrent.ScheduledThreadPoolExecutor@1f2d028b[Running, pool size = 2, active threads = 2, queued tasks = 0, completed tasks = 0]
20:40:47:010  INFO 144588 --- [SpringContextShutdownHook] com.alibaba.nacos.common.remote.client   : Close current connection 1709952406777_192.168.38.1_58861
20:40:47:159 ERROR 144588 --- [timeoutChecker_1_1] i.s.c.r.netty.NettyClientChannelManager  : can not get cluster name in registry config 'service.vgroupMapping.default_tx_group', please make sure registry config correct
20:40:47:205 ERROR 144588 --- [timeoutChecker_2_1] i.s.c.r.netty.NettyClientChannelManager  : can not get cluster name in registry config 'service.vgroupMapping.default_tx_group', please make sure registry config correct
20:40:47:347  INFO 144588 --- [nacos-grpc-client-executor-107] c.a.n.c.remote.client.grpc.GrpcClient    : [1709952406777_192.168.38.1_58861]Ignore complete event,isRunning:false,isAbandon=false
20:40:48:202  INFO 144588 --- [SpringContextShutdownHook] c.a.n.c.remote.client.grpc.GrpcClient    : Shutdown grpc executor java.util.concurrent.ThreadPoolExecutor@4ac7f0c5[Running, pool size = 6, active threads = 0, queued tasks = 0, completed tasks = 108]
20:40:48:222  INFO 144588 --- [SpringContextShutdownHook] com.zaxxer.hikari.HikariDataSource       : HikariPool-1 - Shutdown initiated...
20:40:49:609  INFO 144588 --- [SpringContextShutdownHook] com.zaxxer.hikari.HikariDataSource       : HikariPool-1 - Shutdown completed.
